<?xml version="1.0" encoding="UTF-8"?>
<!-- Generated by org.testng.reporters.JUnitXMLReporter -->
<testsuite hostname="DESKTOP-N6JGPAV" ignored="0" name="Lead Test" tests="4" failures="0" timestamp="2021-06-05T11:47:36 IST" time="76.715" errors="0">
  <testcase name="runDeleteLead" time="29.174" classname="testcase.DeleteLead"/>
  <testcase name="runCreateLead" time="35.941" classname="testcase.CreateLead"/>
  <testcase name="runEditLead" time="30.317" classname="testcase.EditLead"/>
  <testcase name="runDuplicateLead" time="40.723" classname="testcase.DuplicateLead"/>
</testsuite> <!-- Lead Test -->
