<?xml version="1.0" encoding="UTF-8"?>
<!-- Generated by org.testng.reporters.JUnitXMLReporter -->
<testsuite hostname="DESKTOP-N6JGPAV" ignored="0" name="Test" tests="11" failures="2" timestamp="2021-06-18T14:00:30 IST" time="0.089" errors="0">
  <testcase name="createLead" time="0.007" classname="week6.day2.LeadsTestCases">
    <skipped/>
  </testcase> <!-- createLead -->
  <testcase name="createLead" time="0.002" classname="week6.day2.LeadsTestCases">
    <skipped/>
  </testcase> <!-- createLead -->
  <testcase name="createLead" time="0.001" classname="week6.day2.LeadsTestCases">
    <skipped/>
  </testcase> <!-- createLead -->
  <testcase name="createLead" time="0.001" classname="week6.day2.LeadsTestCases">
    <failure type="java.util.NoSuchElementException">
      <![CDATA[java.util.NoSuchElementException
at week6.day2.LeadsTestCases.createLead(LeadsTestCases.java:12)
at java.util.ArrayList.forEach(Unknown Source)
... Removed 27 stack frames]]>
    </failure>
  </testcase> <!-- createLead -->
  <testcase name="deleteLead" time="0.001" classname="week6.day2.LeadsTestCases"/>
  <testcase name="duplicateLead" time="0.001" classname="week6.day2.LeadsTestCases"/>
  <testcase name="editLead" time="0.001" classname="week6.day2.LeadsTestCases">
    <skipped/>
  </testcase> <!-- editLead -->
  <testcase name="editLead" time="0.001" classname="week6.day2.LeadsTestCases">
    <skipped/>
  </testcase> <!-- editLead -->
  <testcase name="editLead" time="0.002" classname="week6.day2.LeadsTestCases">
    <skipped/>
  </testcase> <!-- editLead -->
  <testcase name="editLead" time="0.002" classname="week6.day2.LeadsTestCases">
    <failure type="java.util.NoSuchElementException">
      <![CDATA[java.util.NoSuchElementException
at week6.day2.LeadsTestCases.editLead(LeadsTestCases.java:17)
at java.util.ArrayList.forEach(Unknown Source)
... Removed 27 stack frames]]>
    </failure>
  </testcase> <!-- editLead -->
  <testcase name="mergeLead" time="0.001" classname="week6.day2.LeadsTestCases"/>
</testsuite> <!-- Test -->
