<?xml version="1.0" encoding="UTF-8"?>
<!-- Generated by org.testng.reporters.JUnitXMLReporter -->
<testsuite hostname="DESKTOP-N6JGPAV" ignored="4" name="Default test(failed)(failed)(failed)(failed)" tests="1" failures="1" timestamp="2021-06-18T13:23:14 IST" time="0.052" errors="0">
  <testcase name="editLead" time="0.01" classname="week6.day2.LeadsTestCases">
    <failure type="java.util.NoSuchElementException">
      <![CDATA[java.util.NoSuchElementException
at week6.day2.LeadsTestCases.editLead(LeadsTestCases.java:17)
at java.util.ArrayList.forEach(Unknown Source)
... Removed 27 stack frames]]>
    </failure>
  </testcase> <!-- editLead -->
  <testcase name="deleteLead" time="0.0" classname="week6.day2.LeadsTestCases">
    <ignored/>
  </testcase> <!-- deleteLead -->
  <testcase name="mergeLead" time="0.0" classname="week6.day2.LeadsTestCases">
    <ignored/>
  </testcase> <!-- mergeLead -->
  <testcase name="createLead" time="0.0" classname="week6.day2.LeadsTestCases">
    <ignored/>
  </testcase> <!-- createLead -->
  <testcase name="duplicateLead" time="0.0" classname="week6.day2.LeadsTestCases">
    <ignored/>
  </testcase> <!-- duplicateLead -->
</testsuite> <!-- Default test(failed)(failed)(failed)(failed) -->
