<?xml version="1.0" encoding="UTF-8"?>
<!-- Generated by org.testng.reporters.JUnitXMLReporter -->
<testsuite hostname="DESKTOP-N6JGPAV" ignored="0" name="Lead Test" tests="4" failures="0" timestamp="2021-06-09T21:09:16 IST" time="68.116" errors="0">
  <testcase name="runCreateLead" time="4.615" classname="week5.day2.CreateLead1"/>
  <testcase name="runCreateLead" time="4.275" classname="week5.day2.CreateLead1"/>
  <testcase name="runEditLead" time="7.028" classname="week5.day2.EditLead1"/>
  <testcase name="runEditLead" time="7.372" classname="week5.day2.EditLead1"/>
</testsuite> <!-- Lead Test -->
